epoch,f1_score,loss,val_f1_score,val_loss
0,0.10321051333243013,7.4480283808900296,0.10420437902212143,7.301426887512207
1,0.11830692356093825,7.0194270484876506,0.14339455962181091,6.6938319206237793
2,0.15290633647059795,6.6851748455392537,0.18768206238746643,6.3999109268188477
3,0.17055464625998917,6.5510806132344763,0.21901947259902954,6.2473416328430176
4,0.18382768643788172,6.4204940825780801,0.23705686628818512,6.1394624710083008
5,0.19487447601775559,6.3201916228476227,0.25832965970039368,6.0479068756103516
6,0.20497275879581592,6.2043865203003641,0.26557523012161255,5.9825930595397949
7,0.21245456391556944,6.0991496160399628,0.26463490724563599,5.9496960639953613
8,0.21590774040085564,5.999830446610412,0.26851853728294373,5.9186320304870605
9,0.22048544080639484,5.889987166907602,0.26579385995864868,5.9119806289672852
10,0.22321330261689376,5.818461032242463,0.26319745182991028,5.9273066520690918
11,0.2255403678013794,5.7522184009944741,0.26153382658958435,5.9375486373901367
12,0.22769546103242688,5.686728859972292,0.27051913738250732,5.990175724029541
13,0.23015440232057921,5.6479116882078326,0.27113795280456543,6.0101232528686523
14,0.23321176340991936,5.5968420998582697,0.27082672715187073,5.9992022514343262
15,0.23834784315597191,5.5335105611686739,0.28375440835952759,6.0444698333740234
16,0.24261882693082387,5.4920330764784167,0.27684345841407776,5.9776554107666016
17,0.24835901542657599,5.4276779144068543,0.29360011219978333,6.0012116432189941
18,0.25630040201312637,5.361137196328241,0.2987421452999115,5.926337718963623
19,0.26523069302312158,5.2676379819373098,0.32088837027549744,5.9696855545043945
20,0.27595748400837583,5.1878553653467741,0.32429313659667969,5.8939476013183594
21,0.2859632886459279,5.1002425071695816,0.32596263289451599,5.8346138000488281
22,0.29503698381549454,5.036342672930302,0.3342476487159729,5.8408389091491699
23,0.30700015015866783,4.9360393679558214,0.34208399057388306,5.8977823257446289
24,0.31412541087226559,4.8915945960670681,0.34050178527832031,5.8024106025695801
25,0.32044714974738064,4.833794154967169,0.35137942433357239,5.9162764549255371
26,0.32707717465095043,4.7837189770001007,0.36165669560432434,5.9437379837036133
27,0.33481974810388543,4.7425126914158398,0.3644980788230896,5.9649486541748047
28,0.34275302877891456,4.6811847789221401,0.36882546544075012,5.9622325897216797
29,0.35213606650528356,4.6393343593354937,0.37181472778320312,5.954932689666748
30,0.35936310204311256,4.6022719717922227,0.3787570595741272,5.9372515678405762
31,0.36582630928755872,4.5688736936079142,0.38235962390899658,5.8390154838562012
32,0.37275646617611069,4.5285007281290595,0.38581034541130066,5.8971242904663086
33,0.3808296006656483,4.4977167145738459,0.39274778962135315,5.9011087417602539
34,0.38811236689319117,4.4591693805602368,0.39563566446304321,5.6648721694946289
35,0.3977947759916447,4.4030114291711051,0.4079306423664093,5.748161792755127
36,0.40407080928342304,4.3915109493525408,0.41200003027915955,5.6588788032531738
37,0.41339983677052983,4.3396117774737979,0.41622036695480347,5.6713061332702637
38,0.42481084195972024,4.2843520711763903,0.42331928014755249,5.6826353073120117
39,0.42751030003586943,4.25687410496342,0.42860928177833557,5.5814762115478516
40,0.43752086480067259,4.2242972673639825,0.42789718508720398,5.6116023063659668
41,0.44360458437310019,4.1838097743083029,0.43516242504119873,5.6038589477539062
42,0.45038212282164564,4.1635425656420262,0.43633371591567993,5.5741748809814453
43,0.45379509716132121,4.1256847663339808,0.44084823131561279,5.5935249328613281
44,0.46180860446090666,4.1042391918766361,0.44002211093902588,5.6631011962890625
45,0.4695193010616644,4.05346503466928,0.44771888852119446,5.5405211448669434
46,0.47706431465268456,4.0319023926341329,0.45441305637359619,5.607966423034668
47,0.48271728589156959,4.0009270297061574,0.45593762397766113,5.548161506652832
48,0.49191078861163146,3.9574710518095038,0.45808735489845276,5.5713019371032715
49,0.49511237342440878,3.9227256932851984,0.46401455998420715,5.6736879348754883
50,0.50346030210851023,3.8891429399526216,0.47073394060134888,5.7538433074951172
51,0.51230012388664803,3.8635322990007666,0.47055178880691528,5.710362434387207
52,0.51637926967205916,3.8414688601276121,0.47131785750389099,5.729731559753418
53,0.51969527814040362,3.8236595273764942,0.47029390931129456,5.7661275863647461
54,0.5256166569121522,3.7944495981040554,0.47391581535339355,5.770815372467041
55,0.53093328599750511,3.7901902770825338,0.47088444232940674,5.7201981544494629
56,0.53823860980830451,3.739915774353082,0.4757961630821228,5.763178825378418
57,0.53992506272043628,3.7292481079204016,0.47905343770980835,5.7888050079345703
58,0.54585210777545679,3.708470781466314,0.47419354319572449,5.8472542762756348
59,0.55139876681987798,3.6803155873861289,0.4696485698223114,5.8025608062744141
60,0.55530289079637107,3.6636029085946489,0.47096773982048035,5.9014787673950195
61,0.55794859482117176,3.6523850822192596,0.47445490956306458,5.9023857116699219
62,0.56365919214545779,3.6236553665987592,0.47296416759490967,5.9437541961669922
63,0.56998556484147278,3.6064509688046966,0.47486773133277893,6.0217075347900391
64,0.57252046751357022,3.5811948351488652,0.47609758377075195,5.8608760833740234
65,0.57764145275686296,3.5794900357990045,0.47962594032287598,5.9640874862670898
66,0.57988830325639773,3.5703410028664258,0.47650784254074097,5.9709939956665039
67,0.58437872226470911,3.5430614425331326,0.47746241092681885,5.9602828025817871
68,0.59038783827314656,3.5347809127749561,0.47504991292953491,5.9138588905334473
69,0.59464672029071763,3.4983614090840094,0.472739577293396,5.9823503494262695
70,0.59919376467207019,3.4899443156396903,0.47509318590164185,5.9866852760314941
71,0.59634677682909032,3.4922717240844974,0.47529411315917969,5.9832048416137695
72,0.60280039871816882,3.4614326251652376,0.47006800770759583,6.055119514465332
73,0.61350557168040198,3.435702642374201,0.4783821702003479,6.1803278923034668
74,0.61234765337745101,3.4259690775226672,0.47285223007202148,6.0664310455322266
75,0.61722041537106409,3.3981229979328096,0.4877878725528717,6.1160778999328613
76,0.61846148716944505,3.3966072278035573,0.48929446935653687,6.1274371147155762
77,0.62731946299091024,3.3620797616622227,0.48538216948509216,6.1325321197509766
78,0.62795033552012702,3.3479057790556439,0.48635056614875793,6.1858339309692383
79,0.6319933136659962,3.3463440904045276,0.48039910197257996,6.1668143272399902
80,0.63340097094820136,3.3376197052941112,0.489082932472229,6.1982064247131348
81,0.64091236450465106,3.3098434104168106,0.48787546157836914,6.1055097579956055
82,0.64570972822346429,3.2913114113154536,0.48578810691833496,6.2418146133422852
83,0.64714218722781436,3.2852055319954268,0.48194548487663269,6.1764631271362305
84,0.64926947315782979,3.2717907921800466,0.48554486036300659,6.1881394386291504
85,0.65592695360431308,3.2530638181213405,0.48953661322593689,6.2632918357849121
86,0.6630947491155742,3.2371885797864319,0.49010086059570312,6.2433047294616699
87,0.66211623529717656,3.2275475207032533,0.49423515796661377,6.2897329330444336
88,0.66544206065585176,3.2184307250788731,0.49109512567520142,6.2132768630981445
89,0.66969989913856764,3.1911514968667163,0.49349650740623474,6.249666690826416
90,0.67041033837233899,3.1984722398708416,0.49360719323158264,6.3952207565307617
91,0.67351369198241617,3.1762618126352664,0.48933696746826172,6.3029823303222656
92,0.67432444807452185,3.1783533160347113,0.49434700608253479,6.3695564270019531
93,0.68128115845879167,3.158079343922136,0.49452272057533264,6.347142219543457
94,0.69099294984564785,3.1162561975426191,0.48549860715866089,6.3637313842773438
95,0.69612955630839457,3.1115579884716094,0.48243188858032227,6.3874669075012207
96,0.69364325703524432,3.1165575682316491,0.4852118194103241,6.4750866889953613
97,0.69513929802707619,3.0981652617134361,0.48559674620628357,6.4969310760498047
98,0.70168887421608828,3.0868040008425393,0.47603833675384521,6.3950624465942383
99,0.70183677206961514,3.083781843219576,0.48072192072868347,6.5042963027954102
100,0.70175198795759153,3.0732967326335854,0.48644277453422546,6.4953646659851074
101,0.70916262442444522,3.0560813955462396,0.47678276896476746,6.5372414588928223
102,0.70749633447763205,3.0494242286511373,0.47983193397521973,6.6308784484863281
103,0.71372922174399089,3.0381164085470145,0.47882598638534546,6.6163449287414551
104,0.71705906254538709,3.0169198028509809,0.48060709238052368,6.7244300842285156
